2020-12-20 20:26:01.610  INFO 5700 --- [main] com.example.demo.DemoApplicationTests    : Starting DemoApplicationTests on DESKTOP-LJ0FA8A with PID 5700 (started by Daren Su in H:\后台代码备份\本地MVN测试版本\Springboot_Mybatis-V7.3.0-修改)
2020-12-20 20:26:01.612  INFO 5700 --- [main] com.example.demo.DemoApplicationTests    : The following profiles are active: dev
2020-12-20 20:26:01.731  INFO 5700 --- [main] o.s.w.c.s.GenericWebApplicationContext   : Refreshing org.springframework.web.context.support.GenericWebApplicationContext@48c76607: startup date [Sun Dec 20 20:26:01 CST 2020]; root of context hierarchy
2020-12-20 20:26:05.521  INFO 5700 --- [main] o.s.w.s.handler.SimpleUrlHandlerMapping  : Mapped URL path [/**/favicon.ico] onto handler of type [class org.springframework.web.servlet.resource.ResourceHttpRequestHandler]
2020-12-20 20:26:05.900  INFO 5700 --- [main] s.w.s.m.m.a.RequestMappingHandlerAdapter : Looking for @ControllerAdvice: org.springframework.web.context.support.GenericWebApplicationContext@48c76607: startup date [Sun Dec 20 20:26:01 CST 2020]; root of context hierarchy
2020-12-20 20:26:06.048  INFO 5700 --- [main] s.w.s.m.m.a.RequestMappingHandlerMapping : Mapped "{[/sensor/uploadSensorFiles],methods=[POST]}" onto public org.springframework.http.ResponseEntity<com.example.entity.Familiar_Sensor> com.example.controller.Familiar_SensorController.add_Sensor_File(com.example.entity.Familiar_Sensor,org.springframework.web.multipart.MultipartFile)
2020-12-20 20:26:06.116  INFO 5700 --- [main] s.w.s.m.m.a.RequestMappingHandlerMapping : Mapped "{[/sensor/selFamiliar_Sensor],methods=[POST]}" onto public org.springframework.http.ResponseEntity<java.util.List<com.example.entity.Familiar_Sensor>> com.example.controller.Familiar_SensorController.selFamiliar_Sensor(com.example.entity.Familiar_Sensor)
2020-12-20 20:26:06.117  INFO 5700 --- [main] s.w.s.m.m.a.RequestMappingHandlerMapping : Mapped "{[/sensor/downVersionFromServer/{sensorFile}]}" onto public org.springframework.http.ResponseEntity<byte[]> com.example.controller.Familiar_SensorController.downVersionFromServer(java.lang.String)
2020-12-20 20:26:06.120  INFO 5700 --- [main] s.w.s.m.m.a.RequestMappingHandlerMapping : Mapped "{[/liveness/getLiveness/{id}]}" onto public com.example.entity.Liveness com.example.controller.LivenessController.GetLiveness(int)
2020-12-20 20:26:06.124  INFO 5700 --- [main] s.w.s.m.m.a.RequestMappingHandlerMapping : Mapped "{[/liveness/logoutUser],methods=[POST]}" onto public org.springframework.http.ResponseEntity<com.example.entity.Liveness> com.example.controller.LivenessController.logoutUser(com.example.entity.Liveness)
2020-12-20 20:26:06.125  INFO 5700 --- [main] s.w.s.m.m.a.RequestMappingHandlerMapping : Mapped "{[/liveness/enterLiveness],methods=[POST]}" onto public org.springframework.http.ResponseEntity<com.example.entity.Liveness> com.example.controller.LivenessController.EnterLiveness(com.example.entity.Liveness)
2020-12-20 20:26:06.125  INFO 5700 --- [main] s.w.s.m.m.a.RequestMappingHandlerMapping : Mapped "{[/liveness/addLiveness],methods=[POST]}" onto public org.springframework.http.ResponseEntity<com.example.entity.Liveness> com.example.controller.LivenessController.add_Task(com.example.entity.Liveness)
2020-12-20 20:26:06.126  INFO 5700 --- [main] s.w.s.m.m.a.RequestMappingHandlerMapping : Mapped "{[/liveness/enterUser],methods=[POST]}" onto public org.springframework.http.ResponseEntity<com.example.entity.User> com.example.controller.LivenessController.EnterUser(com.example.entity.User)
2020-12-20 20:26:06.126  INFO 5700 --- [main] s.w.s.m.m.a.RequestMappingHandlerMapping : Mapped "{[/liveness/delLiveness],methods=[POST]}" onto public org.springframework.http.ResponseEntity<com.example.entity.Liveness> com.example.controller.LivenessController.delLiveness(com.example.entity.Liveness)
2020-12-20 20:26:06.127  INFO 5700 --- [main] s.w.s.m.m.a.RequestMappingHandlerMapping : Mapped "{[/liveness/addUser],methods=[POST]}" onto public org.springframework.http.ResponseEntity<com.example.entity.User> com.example.controller.LivenessController.addUser(com.example.entity.User)
2020-12-20 20:26:06.127  INFO 5700 --- [main] s.w.s.m.m.a.RequestMappingHandlerMapping : Mapped "{[/liveness/resetTheLivenessid],methods=[POST]}" onto public org.springframework.http.ResponseEntity<com.example.entity.Liveness> com.example.controller.LivenessController.resetTheLivenessid()
2020-12-20 20:26:06.139  INFO 5700 --- [main] s.w.s.m.m.a.RequestMappingHandlerMapping : Mapped "{[/task/add_Task],methods=[POST]}" onto public org.springframework.http.ResponseEntity<com.example.entity.Task> com.example.controller.TaskController.add_Task(com.example.entity.Task)
2020-12-20 20:26:06.140  INFO 5700 --- [main] s.w.s.m.m.a.RequestMappingHandlerMapping : Mapped "{[/task/get_Task],methods=[GET]}" onto public java.lang.String com.example.controller.TaskController.Get_Task(java.lang.Integer)
2020-12-20 20:26:06.140  INFO 5700 --- [main] s.w.s.m.m.a.RequestMappingHandlerMapping : Mapped "{[/task/getNewTen/{mintaskId}]}" onto public org.springframework.http.ResponseEntity<java.util.List<com.example.entity.Task>> com.example.controller.TaskController.GetNewTen(java.lang.Integer)
2020-12-20 20:26:06.140  INFO 5700 --- [main] s.w.s.m.m.a.RequestMappingHandlerMapping : Mapped "{[/task/del_Task/{taskId}]}" onto public java.lang.String com.example.controller.TaskController.del_Task(java.lang.Integer)
2020-12-20 20:26:06.141  INFO 5700 --- [main] s.w.s.m.m.a.RequestMappingHandlerMapping : Mapped "{[/task/getTen]}" onto public org.springframework.http.ResponseEntity<java.util.List<com.example.entity.Task>> com.example.controller.TaskController.GetTen()
2020-12-20 20:26:06.141  INFO 5700 --- [main] s.w.s.m.m.a.RequestMappingHandlerMapping : Mapped "{[/task/getUserAllTask/{userId}]}" onto public java.util.List<com.example.entity.Task> com.example.controller.TaskController.GetUserAllTask(java.lang.Integer)
2020-12-20 20:26:06.141  INFO 5700 --- [main] s.w.s.m.m.a.RequestMappingHandlerMapping : Mapped "{[/task/getUserInfo/{taskName}]}" onto public java.util.List<com.example.entity.Task> com.example.controller.TaskController.GetUserInfo(java.lang.String)
2020-12-20 20:26:06.141  INFO 5700 --- [main] s.w.s.m.m.a.RequestMappingHandlerMapping : Mapped "{[/task/getUserAllRecommendFromUT/{userId}]}" onto public org.springframework.http.ResponseEntity<java.util.List<com.example.entity.Task>> com.example.controller.TaskController.getUserAllRecommendTaskFromUT(int)
2020-12-20 20:26:06.141  INFO 5700 --- [main] s.w.s.m.m.a.RequestMappingHandlerMapping : Mapped "{[/task/getUserAllAcceptTaskFromUT/{userId}]}" onto public org.springframework.http.ResponseEntity<java.util.List<com.example.entity.Task>> com.example.controller.TaskController.getUserAllAcceptTaskFromUT(int)
2020-12-20 20:26:06.143  INFO 5700 --- [main] s.w.s.m.m.a.RequestMappingHandlerMapping : Mapped "{[/task/getUserAllFinishTaskFromUT/{userId}]}" onto public org.springframework.http.ResponseEntity<java.util.List<com.example.entity.Task>> com.example.controller.TaskController.getUserAllFinishTaskFromUT(int)
2020-12-20 20:26:06.146  INFO 5700 --- [main] s.w.s.m.m.a.RequestMappingHandlerMapping : Mapped "{[/task/getUserAllUnfinishTaskFromUT/{userId}]}" onto public org.springframework.http.ResponseEntity<java.util.List<com.example.entity.Task>> com.example.controller.TaskController.getUserAllUnfinishTaskFromUT(int)
2020-12-20 20:26:06.146  INFO 5700 --- [main] s.w.s.m.m.a.RequestMappingHandlerMapping : Mapped "{[/task/getOrderTaskFromKind/{taskKind}]}" onto public org.springframework.http.ResponseEntity<java.util.List<com.example.entity.Task>> com.example.controller.TaskController.GetOrderTaskFromKind(java.lang.Integer)
2020-12-20 20:26:06.150  INFO 5700 --- [main] s.w.s.m.m.a.RequestMappingHandlerMapping : Mapped "{[/user_task/getStatus],methods=[POST]}" onto public org.springframework.http.ResponseEntity<java.lang.Integer> com.example.controller.User_TaskController.getStatus(com.example.entity.User_Task)
2020-12-20 20:26:06.151  INFO 5700 --- [main] s.w.s.m.m.a.RequestMappingHandlerMapping : Mapped "{[/user_task/enterUser],methods=[POST]}" onto public org.springframework.http.ResponseEntity<com.example.entity.User> com.example.controller.User_TaskController.EnterUser(com.example.entity.User)
2020-12-20 20:26:06.151  INFO 5700 --- [main] s.w.s.m.m.a.RequestMappingHandlerMapping : Mapped "{[/user_task/getUser_Task/{user_taskId}]}" onto public java.lang.String com.example.controller.User_TaskController.GetUser_Task(int)
2020-12-20 20:26:06.155  INFO 5700 --- [main] s.w.s.m.m.a.RequestMappingHandlerMapping : Mapped "{[/user_task/addUser_Task],methods=[POST]}" onto public org.springframework.http.ResponseEntity<com.example.entity.User_Task> com.example.controller.User_TaskController.addUser_Task(com.example.entity.User_Task)
2020-12-20 20:26:06.156  INFO 5700 --- [main] s.w.s.m.m.a.RequestMappingHandlerMapping : Mapped "{[/user_task/acceptUser_Task],methods=[POST]}" onto public org.springframework.http.ResponseEntity<com.example.entity.User_Task> com.example.controller.User_TaskController.acceptUser_Task(com.example.entity.User_Task)
2020-12-20 20:26:06.158  INFO 5700 --- [main] s.w.s.m.m.a.RequestMappingHandlerMapping : Mapped "{[/user_task/getUserInfo/{userName}]}" onto public java.util.List<com.example.entity.User> com.example.controller.User_TaskController.GetUserInfo(java.lang.String)
2020-12-20 20:26:06.159  INFO 5700 --- [main] s.w.s.m.m.a.RequestMappingHandlerMapping : Mapped "{[/user_task/getTaskAllUser/{taskId}]}" onto public java.util.List<com.example.entity.User_Task> com.example.controller.User_TaskController.GetTaskAllUser(java.lang.Integer)
2020-12-20 20:26:06.159  INFO 5700 --- [main] s.w.s.m.m.a.RequestMappingHandlerMapping : Mapped "{[/user_task/downImage],methods=[POST]}" onto public org.springframework.http.ResponseEntity<java.io.File> com.example.controller.User_TaskController.downImage(com.example.entity.User_Task)
2020-12-20 20:26:06.161  INFO 5700 --- [main] s.w.s.m.m.a.RequestMappingHandlerMapping : Mapped "{[/user_task/SelUser_Task],methods=[POST]}" onto public org.springframework.http.ResponseEntity<com.example.entity.User_Task> com.example.controller.User_TaskController.SelUser_Task(com.example.entity.User_Task)
2020-12-20 20:26:06.161  INFO 5700 --- [main] s.w.s.m.m.a.RequestMappingHandlerMapping : Mapped "{[/user_task/updateUser_Task],methods=[POST]}" onto public org.springframework.http.ResponseEntity<com.example.entity.User_Task> com.example.controller.User_TaskController.updateUser_Task(com.example.entity.User_Task)
2020-12-20 20:26:06.162  INFO 5700 --- [main] s.w.s.m.m.a.RequestMappingHandlerMapping : Mapped "{[/user_task/addUser],methods=[POST]}" onto public org.springframework.http.ResponseEntity<com.example.entity.User> com.example.controller.User_TaskController.addUser(com.example.entity.User)
2020-12-20 20:26:06.163  INFO 5700 --- [main] s.w.s.m.m.a.RequestMappingHandlerMapping : Mapped "{[/user_task/uploadImage],methods=[POST]}" onto public org.springframework.http.ResponseEntity<com.example.entity.User_Task> com.example.controller.User_TaskController.add_Task_include_pic(com.example.entity.User_Task,org.springframework.web.multipart.MultipartFile)
2020-12-20 20:26:06.163  INFO 5700 --- [main] s.w.s.m.m.a.RequestMappingHandlerMapping : Mapped "{[/user_task/getUserAllAcceptTask/{userId}]}" onto public org.springframework.http.ResponseEntity<java.util.List<com.example.entity.User_Task>> com.example.controller.User_TaskController.getUserAllAcceptTask(int)
2020-12-20 20:26:06.163  INFO 5700 --- [main] s.w.s.m.m.a.RequestMappingHandlerMapping : Mapped "{[/user_task/getUserAllRecommendTask/{userId}]}" onto public org.springframework.http.ResponseEntity<java.util.List<com.example.entity.Task>> com.example.controller.User_TaskController.getUserAllRecommendTask(int)
2020-12-20 20:26:06.163  INFO 5700 --- [main] s.w.s.m.m.a.RequestMappingHandlerMapping : Mapped "{[/user_task/getUserAllAcceptTaskId/{userId}]}" onto public org.springframework.http.ResponseEntity<java.util.List<java.lang.Integer>> com.example.controller.User_TaskController.getUserAllAcceptTaskId(int)
2020-12-20 20:26:06.165  INFO 5700 --- [main] s.w.s.m.m.a.RequestMappingHandlerMapping : Mapped "{[/user_task/downloadImage],methods=[POST]}" onto public org.springframework.http.ResponseEntity<com.example.entity.User_Task> com.example.controller.User_TaskController.look_Task_include_pic(com.example.entity.User_Task,org.springframework.web.multipart.MultipartFile)
2020-12-20 20:26:06.165  INFO 5700 --- [main] s.w.s.m.m.a.RequestMappingHandlerMapping : Mapped "{[/user_task/getUserAllUnfinishTask/{userId}]}" onto public org.springframework.http.ResponseEntity<java.util.List<com.example.entity.User_Task>> com.example.controller.User_TaskController.getUserAllUnfinishTask(int)
2020-12-20 20:26:06.166  INFO 5700 --- [main] s.w.s.m.m.a.RequestMappingHandlerMapping : Mapped "{[/user_task/getUserAllFinishTask/{userId}]}" onto public org.springframework.http.ResponseEntity<java.util.List<com.example.entity.User_Task>> com.example.controller.User_TaskController.getUserAllFinishTask(int)
2020-12-20 20:26:06.166  INFO 5700 --- [main] s.w.s.m.m.a.RequestMappingHandlerMapping : Mapped "{[/user_task/getTaskIdToUserName/{taskId}]}" onto public org.springframework.http.ResponseEntity<java.util.List<com.example.entity.Combine_u_ut>> com.example.controller.User_TaskController.GetTaskIdToUserName(java.lang.Integer)
2020-12-20 20:26:06.166  INFO 5700 --- [main] s.w.s.m.m.a.RequestMappingHandlerMapping : Mapped "{[/user_task/downImageFromImage/{image}]}" onto public org.springframework.http.ResponseEntity<byte[]> com.example.controller.User_TaskController.downImageFromImage(java.lang.String)
2020-12-20 20:26:06.169  INFO 5700 --- [main] s.w.s.m.m.a.RequestMappingHandlerMapping : Mapped "{[/user/enterUser],methods=[POST]}" onto public org.springframework.http.ResponseEntity<com.example.entity.User> com.example.controller.UserController.EnterUser(com.example.entity.User)
2020-12-20 20:26:06.169  INFO 5700 --- [main] s.w.s.m.m.a.RequestMappingHandlerMapping : Mapped "{[/user/getUserInfo/{userName}]}" onto public java.util.List<com.example.entity.User> com.example.controller.UserController.GetUserInfo(java.lang.String)
2020-12-20 20:26:06.169  INFO 5700 --- [main] s.w.s.m.m.a.RequestMappingHandlerMapping : Mapped "{[/user/getUserRank]}" onto public org.springframework.http.ResponseEntity<java.util.List<com.example.entity.User>> com.example.controller.UserController.GetUserRank()
2020-12-20 20:26:06.170  INFO 5700 --- [main] s.w.s.m.m.a.RequestMappingHandlerMapping : Mapped "{[/user/getuser/{id}]}" onto public com.example.entity.User com.example.controller.UserController.getuser(int)
2020-12-20 20:26:06.170  INFO 5700 --- [main] s.w.s.m.m.a.RequestMappingHandlerMapping : Mapped "{[/user/CheckTest],methods=[POST]}" onto public org.springframework.http.ResponseEntity<com.example.entity.User> com.example.controller.UserController.CheckTest(com.example.entity.User)
2020-12-20 20:26:06.170  INFO 5700 --- [main] s.w.s.m.m.a.RequestMappingHandlerMapping : Mapped "{[/user/getUser/{id}]}" onto public com.example.entity.User com.example.controller.UserController.GetUser(int)
2020-12-20 20:26:06.170  INFO 5700 --- [main] s.w.s.m.m.a.RequestMappingHandlerMapping : Mapped "{[/user/addUser],methods=[POST]}" onto public org.springframework.http.ResponseEntity<com.example.entity.User> com.example.controller.UserController.addUser(com.example.entity.User)
2020-12-20 20:26:06.170  INFO 5700 --- [main] s.w.s.m.m.a.RequestMappingHandlerMapping : Mapped "{[/user/addUser],methods=[GET]}" onto public java.lang.String com.example.controller.UserController.addUser(java.lang.String,java.lang.String)
2020-12-20 20:26:06.170  INFO 5700 --- [main] s.w.s.m.m.a.RequestMappingHandlerMapping : Mapped "{[/version_updating/turnName]}" onto public org.springframework.http.ResponseEntity<java.lang.String> com.example.controller.Version_UpdatingController.turnName()
2020-12-20 20:26:06.170  INFO 5700 --- [main] s.w.s.m.m.a.RequestMappingHandlerMapping : Mapped "{[/version_updating/checkVersion/{versionCode}]}" onto public org.springframework.http.ResponseEntity<java.lang.String> com.example.controller.Version_UpdatingController.checkVersion(java.lang.Integer)
2020-12-20 20:26:06.170  INFO 5700 --- [main] s.w.s.m.m.a.RequestMappingHandlerMapping : Mapped "{[/version_updating/downVersionFromServer/{image}]}" onto public org.springframework.http.ResponseEntity<byte[]> com.example.controller.Version_UpdatingController.downVersionFromServer(java.lang.String)
2020-12-20 20:26:06.180  INFO 5700 --- [main] s.w.s.m.m.a.RequestMappingHandlerMapping : Mapped "{[/error]}" onto public org.springframework.http.ResponseEntity<java.util.Map<java.lang.String, java.lang.Object>> org.springframework.boot.autoconfigure.web.servlet.error.BasicErrorController.error(javax.servlet.http.HttpServletRequest)
2020-12-20 20:26:06.182  INFO 5700 --- [main] s.w.s.m.m.a.RequestMappingHandlerMapping : Mapped "{[/error],produces=[text/html]}" onto public org.springframework.web.servlet.ModelAndView org.springframework.boot.autoconfigure.web.servlet.error.BasicErrorController.errorHtml(javax.servlet.http.HttpServletRequest,javax.servlet.http.HttpServletResponse)
2020-12-20 20:26:06.238  INFO 5700 --- [main] o.s.w.s.handler.SimpleUrlHandlerMapping  : Mapped URL path [/webjars/**] onto handler of type [class org.springframework.web.servlet.resource.ResourceHttpRequestHandler]
2020-12-20 20:26:06.238  INFO 5700 --- [main] o.s.w.s.handler.SimpleUrlHandlerMapping  : Mapped URL path [/**] onto handler of type [class org.springframework.web.servlet.resource.ResourceHttpRequestHandler]
2020-12-20 20:26:06.784  INFO 5700 --- [main] com.example.demo.DemoApplicationTests    : Started DemoApplicationTests in 5.9 seconds (JVM running for 7.686)
2020-12-20 20:26:07.644  INFO 5700 --- [Thread-2] o.s.w.c.s.GenericWebApplicationContext   : Closing org.springframework.web.context.support.GenericWebApplicationContext@48c76607: startup date [Sun Dec 20 20:26:01 CST 2020]; root of context hierarchy
